<!DOCTYPE html>
<html lang="zh-CN">
<head>
	<meta charset="utf-8">
	<meta name="viewport" content="width=device-width, initial-scale=1.0">
	<meta name="description" content="">
	<title>高级SQL</title>
	<link href="%3cnil%3e" rel="alternate" type="application/rss+xml" title="Let&#39;s Go!" />
	<base href="https://zhangeamon.top/">
	<link href="https://zhangeamon.top/css/style.min.css" rel="stylesheet">
	<link href="https://zhangeamon.top/css/main.css" rel="stylesheet">
        <script src="https://zhangeamon.top/js/jquery-1.12.4.min.js"></script>
        <script src="https://zhangeamon.top/js/main.js"></script>
        
        <a href=https://github.com/bodani/blog-hugo><img style="position: absolute; top: 0; left: 0; border: 0;" src="images/forkme_left_red_aa0000.png" alt="Fork me on GitHub" data-canonical-src="images/forkme_left_red_aa0000.png"></a>
               
 
        
        <script>
          var _hmt = _hmt || [];
            (function() {
            var hm = document.createElement("script");
            hm.src = "https://hm.baidu.com/hm.js?1f6605a363a50554aa03adcc685b7699";
            var s = document.getElementsByTagName("script")[0]; 
            s.parentNode.insertBefore(hm, s);
          })();
       </script>
</head>
<body>
<header class="site-header">
	<div class="container">
		<h1 class="site-title"><a href="https://zhangeamon.top/">Let&#39;s Go!</a></h1>
		<p class="lead blog-description">Let&#39;s build private cloud native together,  go! go! go! </p>
	</div>
</header>

<nav class="main-nav">
  <div class="container" id="main-navbar">
    <ul class="main-menu">
            <li class="navlinks-container">
               <a class="navlinks-parent" href="javascript:void(0)" title="" >数据库</a>
                <div class="navlinks-children">
                  <a href="https://zhangeamon.top//content/postgres/" title="">Postgres</a>
                  <a href="https://zhangeamon.top/mysql/" title="">Mysql</a>
                  
                  <a href="https://zhangeamon.top/es/" title="">ElasticSearch</a>
                  <a href="https://zhangeamon.top/dw/" title="">DataWarehose</a>
                </div>
            </li>

            <li class="navlinks-container">
               <a class="navlinks-parent" href="javascript:void(0)" title="" >云平台</a>
                <div class="navlinks-children">
                  <a href="https://zhangeamon.top/kvm/" title="">虚拟化</a>
                  <a href="https://zhangeamon.top/storage/" title="">云存储</a>
                  <a href="https://zhangeamon.top/docker/" title="">Docker</a>
                  <a href="https://zhangeamon.top/k8s/" title="">Kubernetes</a>
                  <a href="https://zhangeamon.top/elk/" title="">日志</a>
                  <a href="https://zhangeamon.top/istio/" title="">微服务治理</a>
                </div>
            </li>
             
            <li class="navlinks-container">
               <a class="navlinks-parent" href="javascript:void(0)" title="" >中间件</a>
                <div class="navlinks-children">
                  <a href="https://zhangeamon.top/redis/" title="">Redis</a>
                  <a href="https://zhangeamon.top/kafka/" title="">Kafka</a>
                  <a href="https://zhangeamon.top/memcached/" title="">Memcached</a>
                  <a href="https://zhangeamon.top/rabbitmq/" title="">RabbitMQ</a>
                  <a href="https://zhangeamon.top/middleware/" title="">其他</a>
                </div>
            </li>
           
            <li class="navlinks-container">
               <a class="navlinks-parent" href="javascript:void(0)" title="" >写代码</a>
                <div class="navlinks-children">
                  <a href="https://zhangeamon.top/python/" title="">Python</a>
                  <a href="https://zhangeamon.top/go/" title="">GO</a>
                  <a href="https://zhangeamon.top/lua/" title="">Lua</a>
                  <a href="https://zhangeamon.top/ansible/" title="">Ansible</a>
                </div>
            </li>
	    <li><a href="https://zhangeamon.top/monitor/" title="">监控</a></li>
	    <li><a href="https://zhangeamon.top/network-security/" title="">网络/安全</a></li>
            <li><a href="https://zhangeamon.top/linux/" title=""> Linux </a></li>
	    <li><a href="https://zhangeamon.top/about/" title="">关于</a></li>
     </ul>
  </div>
</nav>

<div class="main-content container">
	<div class="post">
		<h1 class="post-title">高级SQL</h1>
		<div class="post-meta">
			<p>2021年1月11日</p>
		</div>
		<ul>
<li>分组集</li>
<li>排序集</li>
<li>假象集</li>
<li>窗口函数</li>
<li>递归</li>
</ul>
<h4 id="递归应用">递归应用</h4>
<p>递归加速count(distint) 查询。 使用场景，数据分布：大数据集但其中的类型却很少</p>
<pre><code>-- 创建表
test1=# create table recurive_t(user_id int,free float,info text);
CREATE TABLE
-- 加入数据
test1=# insert into recurive_t select 1 ,generate_series(0,1000000),'user 1 pay !!!';
test1=# insert into recurive_t select 2 ,generate_series(0,2000000),'user 2 pay !!!';
test1=# insert into recurive_t select 3 ,generate_series(0,3000000),'user 3 pay !!!';
test1=# insert into recurive_t select 4 ,generate_series(0,4000000),'user 4 pay !!!';
test1=# insert into recurive_t select 5 ,generate_series(0,4000000),'user 5 pay !!!';
test1=# analyze recurive_t ;
ANALYZE
</code></pre><pre><code>-- count(distinct()) 查询
test1=# explain analyze select count(distinct(user_id)) from recurive_t ;
                                                                  QUERY PLAN                                                                   
-------------------------------------------------------------------------------------------------------------------------------------------------------------------------------------
 Aggregate  (cost=10000412944.36..10000412944.37 rows=1 width=8) (actual time=2793.108..2793.108 rows=1 loops=1)
   -&gt;  Seq Scan on recurive_t  (cost=10000000000.00..10000377992.29 rows=13980829 width=4) (actual time=0.006..1065.338 rows=14000005 loops=1)
 Planning time: 0.054 ms
 Execution time: 2793.144 ms
(4 行记录)

时间：2793.548 ms (00:02.794)
</code></pre><pre><code>-- group by 查询
test1=# explain analyze select user_id from recurive_t group by user_id;
                                                                                      QUERY PLAN                                                                                      
--------------------------------------------------------------------------------------------------------------------------------------------------------------------------------------
 Group  (cost=1000.46..511742.60 rows=5 width=4) (actual time=8.073..1119.549 rows=5 loops=1)
   Group Key: user_id
   -&gt;  Gather Merge  (cost=1000.46..511742.57 rows=10 width=4) (actual time=8.072..1138.226 rows=15 loops=1)
         Workers Planned: 2
         Workers Launched: 2
         -&gt;  Group  (cost=0.43..510741.40 rows=5 width=4) (actual time=0.053..845.258 rows=5 loops=3)
               Group Key: user_id
               -&gt;  Parallel Index Only Scan using recurive_t_user_id_idx on recurive_t  (cost=0.43..496178.03 rows=5825345 width=4) (actual time=0.050..694.273 rows=4666668 loops=3)
                     Heap Fetches: 1803282
 Planning time: 0.133 ms
 Execution time: 1138.276 ms
(11 行记录)

时间：1139.009 ms (00:01.139)
</code></pre><pre><code>-- 添加索引，对优化没有效果
test1=# create index ON recurive_t (user_id );
CREATE INDEX
时间：5990.992 ms (00:05.991)
test1=# explain analyze select count(distinct(user_id)) from recurive_t ;
                                                                             QUERY PLAN                                                                             
--------------------------------------------------------------------------------------------------------------------------------------------------------------------
 Aggregate  (cost=613020.52..613020.53 rows=1 width=8) (actual time=3180.517..3180.517 rows=1 loops=1)
   -&gt;  Index Only Scan using recurive_t_user_id_idx on recurive_t  (cost=0.43..578020.51 rows=14000005 width=4) (actual time=0.089..1531.050 rows=14000005 loops=1)
         Heap Fetches: 14000005
 Planning time: 0.288 ms
 Execution time: 3180.570 ms
(5 行记录)

时间：3181.520 ms (00:03.182)
</code></pre><pre><code>--- 画重点，利用递归查询。效果惊人
test1=# explain analyze with recursive skip as(
    (
      select min(t.user_id) as user_id from recurive_t t
    )
    union
    (
      select (select min(t.user_id) from recurive_t t where t.user_id &gt; s.user_id )
         from skip s
    )
)
select count(*) from skip;
                                                                                       QUERY PLAN                                                                                        
-----------------------------------------------------------------------------------------------------------------------------------------------------------------------------------------
 Aggregate  (cost=54.94..54.95 rows=1 width=8) (actual time=0.271..0.271 rows=1 loops=1)
   CTE skip
     -&gt;  Recursive Union  (cost=0.47..52.67 rows=101 width=4) (actual time=0.051..0.256 rows=6 loops=1)
           -&gt;  Result  (cost=0.47..0.48 rows=1 width=4) (actual time=0.048..0.048 rows=1 loops=1)
                 InitPlan 3 (returns $1)
                   -&gt;  Limit  (cost=0.43..0.47 rows=1 width=4) (actual time=0.043..0.044 rows=1 loops=1)
                         -&gt;  Index Only Scan using recurive_t_user_id_idx on recurive_t t_1  (cost=0.43..525904.40 rows=15394398 width=4) (actual time=0.042..0.042 rows=1 loops=1)
                               Index Cond: (user_id IS NOT NULL)
                               Heap Fetches: 1
           -&gt;  WorkTable Scan on skip s  (cost=0.00..5.02 rows=10 width=4) (actual time=0.031..0.032 rows=1 loops=6)
                 SubPlan 2
                   -&gt;  Result  (cost=0.47..0.48 rows=1 width=4) (actual time=0.028..0.028 rows=1 loops=6)
                         InitPlan 1 (returns $3)
                           -&gt;  Limit  (cost=0.43..0.47 rows=1 width=4) (actual time=0.027..0.027 rows=1 loops=6)
                                 -&gt;  Index Only Scan using recurive_t_user_id_idx on recurive_t t  (cost=0.43..188135.76 rows=5131466 width=4) (actual time=0.025..0.025 rows=1 loops=6)
                                       Index Cond: ((user_id IS NOT NULL) AND (user_id &gt; s.user_id))
                                       Heap Fetches: 4
   -&gt;  CTE Scan on skip  (cost=0.00..2.02 rows=101 width=0) (actual time=0.054..0.263 rows=6 loops=1)
 Planning time: 0.415 ms
 Execution time: 0.373 ms
(20 行记录)

时间：1.872 ms
</code></pre><h6 id="with">WITH</h6>
<p>利用with as 不需要修改索引，指定查询计划</p>
<pre><code>select * from T where A=1 and B = 2;

执行计划可能使用A索引，也可能走B索引

WITH T_a as (
 select * from T where A = 1;
)
select * from T_a where B = 1;

执行计划走A 索引 
</code></pre>
	</div>
	<ul class="pager">
		 &nbsp;<li class="previous"><a href="https://zhangeamon.top/postgres/thinking_in_db_fd/">«数据库优化思考 - 结构设计</a></li>
		 &nbsp;<li class="next"><a href="https://zhangeamon.top/postgres/reback/">误操作闪回»</a></li>
	</ul>
</div>
<footer class="site-footer">
	<div class="container">
		<p>本站使用 <a href="https://gohugo.io/">Hugo</a> 并基于 <a href="https://github.com/bodani/Simple">Simple</a> 主题构建.&nbsp;
		<p class="text-muted small">&copy; 2018-2021 by Eamon</p>
	</div>
</footer>

</body>
</html>

